2026-05-06 10:06:25,146 [MainThread  ] [INFO ]  Datasets: ../data/spert_mdkg/train.json, ../data/spert_mdkg/dev.json
2026-05-06 10:06:25,146 [MainThread  ] [INFO ]  Model type: spert
2026-05-06 10:06:39,312 [MainThread  ] [INFO ]  Relation type count: 10
2026-05-06 10:06:39,313 [MainThread  ] [INFO ]  Entity type count: 10
2026-05-06 10:06:39,313 [MainThread  ] [INFO ]  Entities:
2026-05-06 10:06:39,313 [MainThread  ] [INFO ]  No Entity=0
2026-05-06 10:06:39,313 [MainThread  ] [INFO ]  Health_factors=1
2026-05-06 10:06:39,313 [MainThread  ] [INFO ]  disease=2
2026-05-06 10:06:39,313 [MainThread  ] [INFO ]  drug=3
2026-05-06 10:06:39,313 [MainThread  ] [INFO ]  gene=4
2026-05-06 10:06:39,313 [MainThread  ] [INFO ]  method=5
2026-05-06 10:06:39,313 [MainThread  ] [INFO ]  physiology=6
2026-05-06 10:06:39,313 [MainThread  ] [INFO ]  region=7
2026-05-06 10:06:39,313 [MainThread  ] [INFO ]  signs=8
2026-05-06 10:06:39,313 [MainThread  ] [INFO ]  symptom=9
2026-05-06 10:06:39,313 [MainThread  ] [INFO ]  Relations:
2026-05-06 10:06:39,313 [MainThread  ] [INFO ]  No Relation=0
2026-05-06 10:06:39,313 [MainThread  ] [INFO ]  abbreviation_for=1
2026-05-06 10:06:39,313 [MainThread  ] [INFO ]  associated_with=2
2026-05-06 10:06:39,313 [MainThread  ] [INFO ]  characteristic_of=3
2026-05-06 10:06:39,313 [MainThread  ] [INFO ]  help_diagnose=4
2026-05-06 10:06:39,313 [MainThread  ] [INFO ]  hyponym_of=5
2026-05-06 10:06:39,313 [MainThread  ] [INFO ]  located_in=6
2026-05-06 10:06:39,313 [MainThread  ] [INFO ]  occurs_in=7
2026-05-06 10:06:39,313 [MainThread  ] [INFO ]  risk_factor_of=8
2026-05-06 10:06:39,313 [MainThread  ] [INFO ]  treatment_for=9
2026-05-06 10:06:39,313 [MainThread  ] [INFO ]  Dataset: train
2026-05-06 10:06:39,313 [MainThread  ] [INFO ]  Document count: 4825
2026-05-06 10:06:39,313 [MainThread  ] [INFO ]  Relation count: 7559
2026-05-06 10:06:39,313 [MainThread  ] [INFO ]  Entity count: 20737
2026-05-06 10:06:39,313 [MainThread  ] [INFO ]  Dataset: valid
2026-05-06 10:06:39,313 [MainThread  ] [INFO ]  Document count: 941
2026-05-06 10:06:39,313 [MainThread  ] [INFO ]  Relation count: 1570
2026-05-06 10:06:39,314 [MainThread  ] [INFO ]  Entity count: 3963
2026-05-06 10:06:39,314 [MainThread  ] [INFO ]  Updates per epoch: 4825
2026-05-06 10:06:39,314 [MainThread  ] [INFO ]  Updates total: 24125
