2026-05-06 08:17:11,942 [MainThread  ] [INFO ]  Datasets: ../data/spert_mdkg/train.json, ../data/spert_mdkg/dev.json
2026-05-06 08:17:11,943 [MainThread  ] [INFO ]  Model type: spert
2026-05-06 08:17:26,187 [MainThread  ] [INFO ]  Relation type count: 10
2026-05-06 08:17:26,187 [MainThread  ] [INFO ]  Entity type count: 10
2026-05-06 08:17:26,187 [MainThread  ] [INFO ]  Entities:
2026-05-06 08:17:26,187 [MainThread  ] [INFO ]  No Entity=0
2026-05-06 08:17:26,187 [MainThread  ] [INFO ]  Health_factors=1
2026-05-06 08:17:26,187 [MainThread  ] [INFO ]  disease=2
2026-05-06 08:17:26,187 [MainThread  ] [INFO ]  drug=3
2026-05-06 08:17:26,187 [MainThread  ] [INFO ]  gene=4
2026-05-06 08:17:26,188 [MainThread  ] [INFO ]  method=5
2026-05-06 08:17:26,188 [MainThread  ] [INFO ]  physiology=6
2026-05-06 08:17:26,188 [MainThread  ] [INFO ]  region=7
2026-05-06 08:17:26,188 [MainThread  ] [INFO ]  signs=8
2026-05-06 08:17:26,188 [MainThread  ] [INFO ]  symptom=9
2026-05-06 08:17:26,188 [MainThread  ] [INFO ]  Relations:
2026-05-06 08:17:26,188 [MainThread  ] [INFO ]  No Relation=0
2026-05-06 08:17:26,188 [MainThread  ] [INFO ]  abbreviation_for=1
2026-05-06 08:17:26,188 [MainThread  ] [INFO ]  associated_with=2
2026-05-06 08:17:26,188 [MainThread  ] [INFO ]  characteristic_of=3
2026-05-06 08:17:26,188 [MainThread  ] [INFO ]  help_diagnose=4
2026-05-06 08:17:26,188 [MainThread  ] [INFO ]  hyponym_of=5
2026-05-06 08:17:26,188 [MainThread  ] [INFO ]  located_in=6
2026-05-06 08:17:26,188 [MainThread  ] [INFO ]  occurs_in=7
2026-05-06 08:17:26,188 [MainThread  ] [INFO ]  risk_factor_of=8
2026-05-06 08:17:26,188 [MainThread  ] [INFO ]  treatment_for=9
2026-05-06 08:17:26,188 [MainThread  ] [INFO ]  Dataset: train
2026-05-06 08:17:26,188 [MainThread  ] [INFO ]  Document count: 4825
2026-05-06 08:17:26,189 [MainThread  ] [INFO ]  Relation count: 7559
2026-05-06 08:17:26,189 [MainThread  ] [INFO ]  Entity count: 20737
2026-05-06 08:17:26,189 [MainThread  ] [INFO ]  Dataset: valid
2026-05-06 08:17:26,189 [MainThread  ] [INFO ]  Document count: 941
2026-05-06 08:17:26,189 [MainThread  ] [INFO ]  Relation count: 1570
2026-05-06 08:17:26,189 [MainThread  ] [INFO ]  Entity count: 3963
2026-05-06 08:17:26,189 [MainThread  ] [INFO ]  Updates per epoch: 4825
2026-05-06 08:17:26,189 [MainThread  ] [INFO ]  Updates total: 24125
2026-05-06 08:17:31,115 [MainThread  ] [INFO ]  Train epoch: 0
2026-05-06 08:22:29,272 [MainThread  ] [INFO ]  Train epoch: 1
2026-05-06 08:27:26,966 [MainThread  ] [INFO ]  Train epoch: 2
2026-05-06 08:32:25,667 [MainThread  ] [INFO ]  Train epoch: 3
2026-05-06 08:37:25,109 [MainThread  ] [INFO ]  Train epoch: 4
2026-05-06 08:42:24,174 [MainThread  ] [INFO ]  Evaluate: valid
