2026-05-05 19:22:04,972 [MainThread  ] [INFO ]  Datasets: ../data/spert_adkg/train.json, ../data/spert_adkg/dev.json
2026-05-05 19:22:04,973 [MainThread  ] [INFO ]  Model type: spert
2026-05-05 19:22:21,350 [MainThread  ] [INFO ]  Relation type count: 9
2026-05-05 19:22:21,351 [MainThread  ] [INFO ]  Entity type count: 7
2026-05-05 19:22:21,351 [MainThread  ] [INFO ]  Entities:
2026-05-05 19:22:21,351 [MainThread  ] [INFO ]  No Entity=0
2026-05-05 19:22:21,351 [MainThread  ] [INFO ]  disease=1
2026-05-05 19:22:21,351 [MainThread  ] [INFO ]  drug=2
2026-05-05 19:22:21,351 [MainThread  ] [INFO ]  gene=3
2026-05-05 19:22:21,351 [MainThread  ] [INFO ]  method=4
2026-05-05 19:22:21,351 [MainThread  ] [INFO ]  mutation=5
2026-05-05 19:22:21,351 [MainThread  ] [INFO ]  other=6
2026-05-05 19:22:21,351 [MainThread  ] [INFO ]  Relations:
2026-05-05 19:22:21,352 [MainThread  ] [INFO ]  No Relation=0
2026-05-05 19:22:21,352 [MainThread  ] [INFO ]  abbreviation_for=1
2026-05-05 19:22:21,352 [MainThread  ] [INFO ]  associated_with=2
2026-05-05 19:22:21,352 [MainThread  ] [INFO ]  characteristic_of=3
2026-05-05 19:22:21,352 [MainThread  ] [INFO ]  help_diagnose=4
2026-05-05 19:22:21,352 [MainThread  ] [INFO ]  hyponym_of=5
2026-05-05 19:22:21,352 [MainThread  ] [INFO ]  risk_factor_of=6
2026-05-05 19:22:21,352 [MainThread  ] [INFO ]  treatment_for=7
2026-05-05 19:22:21,352 [MainThread  ] [INFO ]  treatment_target_for=8
2026-05-05 19:22:21,352 [MainThread  ] [INFO ]  Dataset: train
2026-05-05 19:22:21,352 [MainThread  ] [INFO ]  Document count: 5605
2026-05-05 19:22:21,352 [MainThread  ] [INFO ]  Relation count: 3939
2026-05-05 19:22:21,352 [MainThread  ] [INFO ]  Entity count: 14611
2026-05-05 19:22:21,352 [MainThread  ] [INFO ]  Dataset: valid
2026-05-05 19:22:21,352 [MainThread  ] [INFO ]  Document count: 1206
2026-05-05 19:22:21,352 [MainThread  ] [INFO ]  Relation count: 788
2026-05-05 19:22:21,353 [MainThread  ] [INFO ]  Entity count: 3099
2026-05-05 19:22:21,353 [MainThread  ] [INFO ]  Updates per epoch: 2802
2026-05-05 19:22:21,353 [MainThread  ] [INFO ]  Updates total: 14010
2026-05-05 19:22:23,964 [MainThread  ] [INFO ]  Train epoch: 0
